2021-12-08 13:26:04 INFO  ghidra_export.java> (address . 0x08048054)  
2021-12-08 13:26:04 INFO  ghidra_export.java> (opcode . 0xfc)  
2021-12-08 13:26:04 INFO  ghidra_export.java> (size . 1)  
2021-12-08 13:26:04 INFO  ghidra_export.java> (mnemonic . "CLD")  
2021-12-08 13:26:04 INFO  ghidra_export.java> (kind . "FALL_THROUGH")  
2021-12-08 13:26:04 INFO  ghidra_export.java> (successors .)  
2021-12-08 13:26:04 INFO  ghidra_export.java> (address . 0x08048055)  
2021-12-08 13:26:04 INFO  ghidra_export.java> (opcode . 0x8b3424)  
2021-12-08 13:26:04 INFO  ghidra_export.java> (size . 3)  
2021-12-08 13:26:04 INFO  ghidra_export.java> (mnemonic . "MOV ESI,dword ptr [ESP]")  
2021-12-08 13:26:04 INFO  ghidra_export.java> (kind . "FALL_THROUGH")  
2021-12-08 13:26:04 INFO  ghidra_export.java> (successors .)  
2021-12-08 13:26:04 INFO  ghidra_export.java> (address . 0x08048058)  
2021-12-08 13:26:04 INFO  ghidra_export.java> (opcode . 0x4e)  
2021-12-08 13:26:04 INFO  ghidra_export.java> (size . 1)  
2021-12-08 13:26:04 INFO  ghidra_export.java> (mnemonic . "DEC ESI")  
2021-12-08 13:26:04 INFO  ghidra_export.java> (kind . "FALL_THROUGH")  
2021-12-08 13:26:04 INFO  ghidra_export.java> (successors .)  
2021-12-08 13:26:04 INFO  ghidra_export.java> (address . 0x08048059)  
2021-12-08 13:26:04 INFO  ghidra_export.java> (opcode . 0x7445)  
2021-12-08 13:26:04 INFO  ghidra_export.java> (size . 2)  
2021-12-08 13:26:04 INFO  ghidra_export.java> (mnemonic . "JZ 0x080480a0")  
2021-12-08 13:26:04 INFO  ghidra_export.java> (kind . "CONDITIONAL_JUMP")  
2021-12-08 13:26:04 INFO  ghidra_export.java> (successors . 0x080480a0)  
2021-12-08 13:26:04 INFO  ghidra_export.java> (address . 0x0804805b)  
2021-12-08 13:26:04 INFO  ghidra_export.java> (opcode . 0x8b7c2408)  
2021-12-08 13:26:04 INFO  ghidra_export.java> (size . 4)  
2021-12-08 13:26:04 INFO  ghidra_export.java> (mnemonic . "MOV EDI,dword ptr [ESP + 0x8]")  
2021-12-08 13:26:04 INFO  ghidra_export.java> (kind . "FALL_THROUGH")  
2021-12-08 13:26:04 INFO  ghidra_export.java> (successors .)  
2021-12-08 13:26:04 INFO  ghidra_export.java> (address . 0x0804805f)  
2021-12-08 13:26:04 INFO  ghidra_export.java> (opcode . 0x89fd)  
2021-12-08 13:26:04 INFO  ghidra_export.java> (size . 2)  
2021-12-08 13:26:04 INFO  ghidra_export.java> (mnemonic . "MOV EBP,EDI")  
2021-12-08 13:26:04 INFO  ghidra_export.java> (kind . "FALL_THROUGH")  
2021-12-08 13:26:04 INFO  ghidra_export.java> (successors .)  
2021-12-08 13:26:04 INFO  ghidra_export.java> (address . 0x08048061)  
2021-12-08 13:26:04 INFO  ghidra_export.java> (opcode . 0x8d4424fc)  
2021-12-08 13:26:04 INFO  ghidra_export.java> (size . 4)  
2021-12-08 13:26:04 INFO  ghidra_export.java> (mnemonic . "LEA EAX,[ESP + -0x4]")  
2021-12-08 13:26:04 INFO  ghidra_export.java> (kind . "FALL_THROUGH")  
2021-12-08 13:26:04 INFO  ghidra_export.java> (successors .)  
2021-12-08 13:26:04 INFO  ghidra_export.java> (address . 0x08048065)  
2021-12-08 13:26:04 INFO  ghidra_export.java> (opcode . 0xf7e0)  
2021-12-08 13:26:04 INFO  ghidra_export.java> (size . 2)  
2021-12-08 13:26:04 INFO  ghidra_export.java> (mnemonic . "MUL EAX")  
2021-12-08 13:26:04 INFO  ghidra_export.java> (kind . "FALL_THROUGH")  
2021-12-08 13:26:04 INFO  ghidra_export.java> (successors .)  
2021-12-08 13:26:04 INFO  ghidra_export.java> (address . 0x08048067)  
2021-12-08 13:26:04 INFO  ghidra_export.java> (opcode . 0x8d5cc0ff)  
2021-12-08 13:26:04 INFO  ghidra_export.java> (size . 4)  
2021-12-08 13:26:04 INFO  ghidra_export.java> (mnemonic . "LEA EBX,[EAX + EAX*0x8 + -0x1]")  
2021-12-08 13:26:04 INFO  ghidra_export.java> (kind . "FALL_THROUGH")  
2021-12-08 13:26:04 INFO  ghidra_export.java> (successors .)  
2021-12-08 13:26:04 INFO  ghidra_export.java> (address . 0x0804806b)  
2021-12-08 13:26:04 INFO  ghidra_export.java> (opcode . 0x29c3)  
2021-12-08 13:26:04 INFO  ghidra_export.java> (size . 2)  
2021-12-08 13:26:04 INFO  ghidra_export.java> (mnemonic . "SUB EBX,EAX")  
2021-12-08 13:26:04 INFO  ghidra_export.java> (kind . "FALL_THROUGH")  
2021-12-08 13:26:04 INFO  ghidra_export.java> (successors .)  
2021-12-08 13:26:04 INFO  ghidra_export.java> (address . 0x0804806d)  
2021-12-08 13:26:04 INFO  ghidra_export.java> (opcode . 0x0fb607)  
2021-12-08 13:26:04 INFO  ghidra_export.java> (size . 3)  
2021-12-08 13:26:04 INFO  ghidra_export.java> (mnemonic . "MOVZX EAX,byte ptr [EDI]")  
2021-12-08 13:26:04 INFO  ghidra_export.java> (kind . "FALL_THROUGH")  
2021-12-08 13:26:04 INFO  ghidra_export.java> (successors .)  
2021-12-08 13:26:04 INFO  ghidra_export.java> (address . 0x08048070)  
2021-12-08 13:26:04 INFO  ghidra_export.java> (opcode . 0xf7e0)  
2021-12-08 13:26:04 INFO  ghidra_export.java> (size . 2)  
2021-12-08 13:26:04 INFO  ghidra_export.java> (mnemonic . "MUL EAX")  
2021-12-08 13:26:04 INFO  ghidra_export.java> (kind . "FALL_THROUGH")  
2021-12-08 13:26:04 INFO  ghidra_export.java> (successors .)  
2021-12-08 13:26:04 INFO  ghidra_export.java> (address . 0x08048072)  
2021-12-08 13:26:04 INFO  ghidra_export.java> (opcode . 0x39c3)  
2021-12-08 13:26:04 INFO  ghidra_export.java> (size . 2)  
2021-12-08 13:26:04 INFO  ghidra_export.java> (mnemonic . "CMP EBX,EAX")  
2021-12-08 13:26:04 INFO  ghidra_export.java> (kind . "FALL_THROUGH")  
2021-12-08 13:26:04 INFO  ghidra_export.java> (successors .)  
2021-12-08 13:26:04 INFO  ghidra_export.java> (address . 0x08048074)  
2021-12-08 13:26:04 INFO  ghidra_export.java> (opcode . 0x750b)  
2021-12-08 13:26:04 INFO  ghidra_export.java> (size . 2)  
2021-12-08 13:26:04 INFO  ghidra_export.java> (mnemonic . "JNZ 0x08048081")  
2021-12-08 13:26:04 INFO  ghidra_export.java> (kind . "CONDITIONAL_JUMP")  
2021-12-08 13:26:04 INFO  ghidra_export.java> (successors . 0x08048081)  
2021-12-08 13:26:04 INFO  ghidra_export.java> (address . 0x08048076)  
2021-12-08 13:26:04 INFO  ghidra_export.java> (opcode . 0x8d6fff)  
2021-12-08 13:26:04 INFO  ghidra_export.java> (size . 3)  
2021-12-08 13:26:04 INFO  ghidra_export.java> (mnemonic . "LEA EBP,[EDI + -0x1]")  
2021-12-08 13:26:04 INFO  ghidra_export.java> (kind . "FALL_THROUGH")  
2021-12-08 13:26:04 INFO  ghidra_export.java> (successors .)  
2021-12-08 13:26:04 INFO  ghidra_export.java> (address . 0x08048079)  
2021-12-08 13:26:04 INFO  ghidra_export.java> (opcode . 0x85ed)  
2021-12-08 13:26:04 INFO  ghidra_export.java> (size . 2)  
2021-12-08 13:26:04 INFO  ghidra_export.java> (mnemonic . "TEST EBP,EBP")  
2021-12-08 13:26:04 INFO  ghidra_export.java> (kind . "FALL_THROUGH")  
2021-12-08 13:26:04 INFO  ghidra_export.java> (successors .)  
2021-12-08 13:26:04 INFO  ghidra_export.java> (address . 0x0804807b)  
2021-12-08 13:26:04 INFO  ghidra_export.java> (opcode . 0x72f9)  
2021-12-08 13:26:04 INFO  ghidra_export.java> (size . 2)  
2021-12-08 13:26:04 INFO  ghidra_export.java> (mnemonic . "JC 0x08048076")  
2021-12-08 13:26:04 INFO  ghidra_export.java> (kind . "CONDITIONAL_JUMP")  
2021-12-08 13:26:04 INFO  ghidra_export.java> (successors . 0x08048076)  
2021-12-08 13:26:04 INFO  ghidra_export.java> (address . 0x0804807d)  
2021-12-08 13:26:04 INFO  ghidra_export.java> (opcode . 0xc6450020)  
2021-12-08 13:26:04 INFO  ghidra_export.java> (size . 4)  
2021-12-08 13:26:04 INFO  ghidra_export.java> (mnemonic . "MOV byte ptr [EBP],0x20")  
2021-12-08 13:26:04 INFO  ghidra_export.java> (kind . "FALL_THROUGH")  
2021-12-08 13:26:04 INFO  ghidra_export.java> (successors .)  
2021-12-08 13:26:04 INFO  ghidra_export.java> (address . 0x08048081)  
2021-12-08 13:26:04 INFO  ghidra_export.java> (opcode . 0x31c0)  
2021-12-08 13:26:04 INFO  ghidra_export.java> (size . 2)  
2021-12-08 13:26:04 INFO  ghidra_export.java> (mnemonic . "XOR EAX,EAX")  
2021-12-08 13:26:04 INFO  ghidra_export.java> (kind . "FALL_THROUGH")  
2021-12-08 13:26:04 INFO  ghidra_export.java> (successors .)  
2021-12-08 13:26:04 INFO  ghidra_export.java> (address . 0x08048083)  
2021-12-08 13:26:04 INFO  ghidra_export.java> (opcode . 0x75fe)  
2021-12-08 13:26:04 INFO  ghidra_export.java> (size . 2)  
2021-12-08 13:26:04 INFO  ghidra_export.java> (mnemonic . "JNZ 0x08048083")  
2021-12-08 13:26:04 INFO  ghidra_export.java> (kind . "CONDITIONAL_JUMP")  
2021-12-08 13:26:04 INFO  ghidra_export.java> (successors . 0x08048083)  
2021-12-08 13:26:04 INFO  ghidra_export.java> (address . 0x08048085)  
2021-12-08 13:26:04 INFO  ghidra_export.java> (opcode . 0xe84a000000)  
2021-12-08 13:26:04 INFO  ghidra_export.java> (size . 5)  
2021-12-08 13:26:04 INFO  ghidra_export.java> (mnemonic . "CALL 0x080480d4")  
2021-12-08 13:26:04 INFO  ghidra_export.java> (kind . "UNCONDITIONAL_CALL")  
2021-12-08 13:26:04 INFO  ghidra_export.java> (successors . 0x080480d4)  
2021-12-08 13:26:04 INFO  ghidra_export.java> (address . 0x0804808a)  
2021-12-08 13:26:04 INFO  ghidra_export.java> (opcode . 0x85c9)  
2021-12-08 13:26:04 INFO  ghidra_export.java> (size . 2)  
2021-12-08 13:26:04 INFO  ghidra_export.java> (mnemonic . "TEST ECX,ECX")  
2021-12-08 13:26:04 INFO  ghidra_export.java> (kind . "FALL_THROUGH")  
2021-12-08 13:26:04 INFO  ghidra_export.java> (successors .)  
2021-12-08 13:26:04 INFO  ghidra_export.java> (address . 0x0804808c)  
2021-12-08 13:26:04 INFO  ghidra_export.java> (opcode . 0x794b)  
2021-12-08 13:26:04 INFO  ghidra_export.java> (size . 2)  
2021-12-08 13:26:04 INFO  ghidra_export.java> (mnemonic . "JNS 0x080480d9")  
2021-12-08 13:26:04 INFO  ghidra_export.java> (kind . "CONDITIONAL_JUMP")  
2021-12-08 13:26:04 INFO  ghidra_export.java> (successors . 0x080480d9)  
2021-12-08 13:26:04 INFO  ghidra_export.java> (address . 0x0804808e)  
2021-12-08 13:26:04 INFO  ghidra_export.java> (opcode . 0xf2ae)  
2021-12-08 13:26:04 INFO  ghidra_export.java> (size . 2)  
2021-12-08 13:26:04 INFO  ghidra_export.java> (mnemonic . "SCASB.REPNE ES:EDI")  
2021-12-08 13:26:04 INFO  ghidra_export.java> (kind . "FALL_THROUGH")  
2021-12-08 13:26:04 INFO  ghidra_export.java> (successors .)  
2021-12-08 13:26:04 INFO  ghidra_export.java> (address . 0x08048090)  
2021-12-08 13:26:04 INFO  ghidra_export.java> (opcode . 0xf7d1)  
2021-12-08 13:26:04 INFO  ghidra_export.java> (size . 2)  
2021-12-08 13:26:04 INFO  ghidra_export.java> (mnemonic . "NOT ECX")  
2021-12-08 13:26:04 INFO  ghidra_export.java> (kind . "FALL_THROUGH")  
2021-12-08 13:26:04 INFO  ghidra_export.java> (successors .)  
2021-12-08 13:26:04 INFO  ghidra_export.java> (address . 0x08048092)  
2021-12-08 13:26:04 INFO  ghidra_export.java> (opcode . 0x31db)  
2021-12-08 13:26:04 INFO  ghidra_export.java> (size . 2)  
2021-12-08 13:26:04 INFO  ghidra_export.java> (mnemonic . "XOR EBX,EBX")  
2021-12-08 13:26:04 INFO  ghidra_export.java> (kind . "FALL_THROUGH")  
2021-12-08 13:26:04 INFO  ghidra_export.java> (successors .)  
2021-12-08 13:26:04 INFO  ghidra_export.java> (address . 0x08048094)  
2021-12-08 13:26:04 INFO  ghidra_export.java> (opcode . 0xe82c000000)  
2021-12-08 13:26:04 INFO  ghidra_export.java> (size . 5)  
2021-12-08 13:26:04 INFO  ghidra_export.java> (mnemonic . "CALL 0x080480c5")  
2021-12-08 13:26:04 INFO  ghidra_export.java> (kind . "UNCONDITIONAL_CALL")  
2021-12-08 13:26:04 INFO  ghidra_export.java> (successors . 0x080480c5)  
2021-12-08 13:26:04 INFO  ghidra_export.java> (address . 0x08048099)  
2021-12-08 13:26:04 INFO  ghidra_export.java> (opcode . 0x85db)  
2021-12-08 13:26:04 INFO  ghidra_export.java> (size . 2)  
2021-12-08 13:26:04 INFO  ghidra_export.java> (mnemonic . "TEST EBX,EBX")  
2021-12-08 13:26:04 INFO  ghidra_export.java> (kind . "FALL_THROUGH")  
2021-12-08 13:26:04 INFO  ghidra_export.java> (successors .)  
2021-12-08 13:26:04 INFO  ghidra_export.java> (address . 0x0804809b)  
2021-12-08 13:26:04 INFO  ghidra_export.java> (opcode . 0x7421)  
2021-12-08 13:26:04 INFO  ghidra_export.java> (size . 2)  
2021-12-08 13:26:04 INFO  ghidra_export.java> (mnemonic . "JZ 0x080480be")  
2021-12-08 13:26:04 INFO  ghidra_export.java> (kind . "CONDITIONAL_JUMP")  
2021-12-08 13:26:04 INFO  ghidra_export.java> (successors . 0x080480be)  
2021-12-08 13:26:04 INFO  ghidra_export.java> (address . 0x0804809d)  
2021-12-08 13:26:04 INFO  ghidra_export.java> (opcode . 0x4e)  
2021-12-08 13:26:04 INFO  ghidra_export.java> (size . 1)  
2021-12-08 13:26:04 INFO  ghidra_export.java> (mnemonic . "DEC ESI")  
2021-12-08 13:26:04 INFO  ghidra_export.java> (kind . "FALL_THROUGH")  
2021-12-08 13:26:04 INFO  ghidra_export.java> (successors .)  
2021-12-08 13:26:04 INFO  ghidra_export.java> (address . 0x0804809e)  
2021-12-08 13:26:04 INFO  ghidra_export.java> (opcode . 0x75d6)  
2021-12-08 13:26:04 INFO  ghidra_export.java> (size . 2)  
2021-12-08 13:26:04 INFO  ghidra_export.java> (mnemonic . "JNZ 0x08048076")  
2021-12-08 13:26:04 INFO  ghidra_export.java> (kind . "CONDITIONAL_JUMP")  
2021-12-08 13:26:04 INFO  ghidra_export.java> (successors . 0x08048076)  
2021-12-08 13:26:04 INFO  ghidra_export.java> (address . 0x080480a0)  
2021-12-08 13:26:04 INFO  ghidra_export.java> (opcode . 0x66680d0a)  
2021-12-08 13:26:04 INFO  ghidra_export.java> (size . 4)  
2021-12-08 13:26:04 INFO  ghidra_export.java> (mnemonic . "PUSH 0xa0d")  
2021-12-08 13:26:04 INFO  ghidra_export.java> (kind . "FALL_THROUGH")  
2021-12-08 13:26:04 INFO  ghidra_export.java> (successors .)  
2021-12-08 13:26:04 INFO  ghidra_export.java> (address . 0x080480a4)  
2021-12-08 13:26:04 INFO  ghidra_export.java> (opcode . 0x31db)  
2021-12-08 13:26:04 INFO  ghidra_export.java> (size . 2)  
2021-12-08 13:26:04 INFO  ghidra_export.java> (mnemonic . "XOR EBX,EBX")  
2021-12-08 13:26:04 INFO  ghidra_export.java> (kind . "FALL_THROUGH")  
2021-12-08 13:26:04 INFO  ghidra_export.java> (successors .)  
2021-12-08 13:26:04 INFO  ghidra_export.java> (address . 0x080480a6)  
2021-12-08 13:26:04 INFO  ghidra_export.java> (opcode . 0x43)  
2021-12-08 13:26:04 INFO  ghidra_export.java> (size . 1)  
2021-12-08 13:26:04 INFO  ghidra_export.java> (mnemonic . "INC EBX")  
2021-12-08 13:26:04 INFO  ghidra_export.java> (kind . "FALL_THROUGH")  
2021-12-08 13:26:04 INFO  ghidra_export.java> (successors .)  
2021-12-08 13:26:04 INFO  ghidra_export.java> (address . 0x080480a7)  
2021-12-08 13:26:04 INFO  ghidra_export.java> (opcode . 0x8d447fff)  
2021-12-08 13:26:04 INFO  ghidra_export.java> (size . 4)  
2021-12-08 13:26:04 INFO  ghidra_export.java> (mnemonic . "LEA EAX,[EDI + EDI*0x2 + -0x1]")  
2021-12-08 13:26:04 INFO  ghidra_export.java> (kind . "FALL_THROUGH")  
2021-12-08 13:26:04 INFO  ghidra_export.java> (successors .)  
2021-12-08 13:26:04 INFO  ghidra_export.java> (address . 0x080480ab)  
2021-12-08 13:26:04 INFO  ghidra_export.java> (opcode . 0xf7e7)  
2021-12-08 13:26:04 INFO  ghidra_export.java> (size . 2)  
2021-12-08 13:26:04 INFO  ghidra_export.java> (mnemonic . "MUL EDI")  
2021-12-08 13:26:04 INFO  ghidra_export.java> (kind . "FALL_THROUGH")  
2021-12-08 13:26:04 INFO  ghidra_export.java> (successors .)  
2021-12-08 13:26:04 INFO  ghidra_export.java> (address . 0x080480ad)  
2021-12-08 13:26:04 INFO  ghidra_export.java> (opcode . 0x85d8)  
2021-12-08 13:26:04 INFO  ghidra_export.java> (size . 2)  
2021-12-08 13:26:04 INFO  ghidra_export.java> (mnemonic . "TEST EAX,EBX")  
2021-12-08 13:26:04 INFO  ghidra_export.java> (kind . "FALL_THROUGH")  
2021-12-08 13:26:04 INFO  ghidra_export.java> (successors .)  
2021-12-08 13:26:04 INFO  ghidra_export.java> (address . 0x080480af)  
2021-12-08 13:26:04 INFO  ghidra_export.java> (opcode . 0x7523)  
2021-12-08 13:26:04 INFO  ghidra_export.java> (size . 2)  
2021-12-08 13:26:04 INFO  ghidra_export.java> (mnemonic . "JNZ 0x080480d4")  
2021-12-08 13:26:04 INFO  ghidra_export.java> (kind . "CONDITIONAL_JUMP")  
2021-12-08 13:26:04 INFO  ghidra_export.java> (successors . 0x080480d4)  
2021-12-08 13:26:04 INFO  ghidra_export.java> (address . 0x080480b1)  
2021-12-08 13:26:04 INFO  ghidra_export.java> (opcode . 0xb804000000)  
2021-12-08 13:26:04 INFO  ghidra_export.java> (size . 5)  
2021-12-08 13:26:04 INFO  ghidra_export.java> (mnemonic . "MOV EAX,0x4")  
2021-12-08 13:26:04 INFO  ghidra_export.java> (kind . "FALL_THROUGH")  
2021-12-08 13:26:04 INFO  ghidra_export.java> (successors .)  
2021-12-08 13:26:04 INFO  ghidra_export.java> (address . 0x080480b6)  
2021-12-08 13:26:04 INFO  ghidra_export.java> (opcode . 0x89e1)  
2021-12-08 13:26:04 INFO  ghidra_export.java> (size . 2)  
2021-12-08 13:26:04 INFO  ghidra_export.java> (mnemonic . "MOV ECX,ESP")  
2021-12-08 13:26:04 INFO  ghidra_export.java> (kind . "FALL_THROUGH")  
2021-12-08 13:26:04 INFO  ghidra_export.java> (successors .)  
2021-12-08 13:26:04 INFO  ghidra_export.java> (address . 0x080480b8)  
2021-12-08 13:26:04 INFO  ghidra_export.java> (opcode . 0x31d2)  
2021-12-08 13:26:04 INFO  ghidra_export.java> (size . 2)  
2021-12-08 13:26:04 INFO  ghidra_export.java> (mnemonic . "XOR EDX,EDX")  
2021-12-08 13:26:04 INFO  ghidra_export.java> (kind . "FALL_THROUGH")  
2021-12-08 13:26:04 INFO  ghidra_export.java> (successors .)  
2021-12-08 13:26:04 INFO  ghidra_export.java> (address . 0x080480ba)  
2021-12-08 13:26:04 INFO  ghidra_export.java> (opcode . 0x42)  
2021-12-08 13:26:04 INFO  ghidra_export.java> (size . 1)  
2021-12-08 13:26:04 INFO  ghidra_export.java> (mnemonic . "INC EDX")  
2021-12-08 13:26:04 INFO  ghidra_export.java> (kind . "FALL_THROUGH")  
2021-12-08 13:26:04 INFO  ghidra_export.java> (successors .)  
2021-12-08 13:26:04 INFO  ghidra_export.java> (address . 0x080480bb)  
2021-12-08 13:26:04 INFO  ghidra_export.java> (opcode . 0x42)  
2021-12-08 13:26:04 INFO  ghidra_export.java> (size . 1)  
2021-12-08 13:26:04 INFO  ghidra_export.java> (mnemonic . "INC EDX")  
2021-12-08 13:26:04 INFO  ghidra_export.java> (kind . "FALL_THROUGH")  
2021-12-08 13:26:04 INFO  ghidra_export.java> (successors .)  
2021-12-08 13:26:04 INFO  ghidra_export.java> (address . 0x080480bc)  
2021-12-08 13:26:04 INFO  ghidra_export.java> (opcode . 0xcd80)  
2021-12-08 13:26:04 INFO  ghidra_export.java> (size . 2)  
2021-12-08 13:26:04 INFO  ghidra_export.java> (mnemonic . "INT 0x80")  
2021-12-08 13:26:04 INFO  ghidra_export.java> (kind . "COMPUTED_CALL")  
2021-12-08 13:26:04 INFO  ghidra_export.java> (successors .)  
2021-12-08 13:26:04 INFO  ghidra_export.java> (address . 0x080480be)  
2021-12-08 13:26:04 INFO  ghidra_export.java> (opcode . 0x31db)  
2021-12-08 13:26:04 INFO  ghidra_export.java> (size . 2)  
2021-12-08 13:26:04 INFO  ghidra_export.java> (mnemonic . "XOR EBX,EBX")  
2021-12-08 13:26:04 INFO  ghidra_export.java> (kind . "FALL_THROUGH")  
2021-12-08 13:26:04 INFO  ghidra_export.java> (successors .)  
2021-12-08 13:26:04 INFO  ghidra_export.java> (address . 0x080480c0)  
2021-12-08 13:26:04 INFO  ghidra_export.java> (opcode . 0x31c0)  
2021-12-08 13:26:04 INFO  ghidra_export.java> (size . 2)  
2021-12-08 13:26:04 INFO  ghidra_export.java> (mnemonic . "XOR EAX,EAX")  
2021-12-08 13:26:04 INFO  ghidra_export.java> (kind . "FALL_THROUGH")  
2021-12-08 13:26:04 INFO  ghidra_export.java> (successors .)  
2021-12-08 13:26:04 INFO  ghidra_export.java> (address . 0x080480c2)  
2021-12-08 13:26:04 INFO  ghidra_export.java> (opcode . 0x40)  
2021-12-08 13:26:04 INFO  ghidra_export.java> (size . 1)  
2021-12-08 13:26:04 INFO  ghidra_export.java> (mnemonic . "INC EAX")  
2021-12-08 13:26:04 INFO  ghidra_export.java> (kind . "FALL_THROUGH")  
2021-12-08 13:26:04 INFO  ghidra_export.java> (successors .)  
2021-12-08 13:26:04 INFO  ghidra_export.java> (address . 0x080480c3)  
2021-12-08 13:26:04 INFO  ghidra_export.java> (opcode . 0xcd80)  
2021-12-08 13:26:04 INFO  ghidra_export.java> (size . 2)  
2021-12-08 13:26:04 INFO  ghidra_export.java> (mnemonic . "INT 0x80")  
2021-12-08 13:26:04 INFO  ghidra_export.java> (kind . "COMPUTED_CALL")  
2021-12-08 13:26:04 INFO  ghidra_export.java> (successors .)  
2021-12-08 13:26:04 INFO  ghidra_export.java> (address . 0x080480c5)  
2021-12-08 13:26:04 INFO  ghidra_export.java> (opcode . 0xb804000000)  
2021-12-08 13:26:04 INFO  ghidra_export.java> (size . 5)  
2021-12-08 13:26:04 INFO  ghidra_export.java> (mnemonic . "MOV EAX,0x4")  
2021-12-08 13:26:04 INFO  ghidra_export.java> (kind . "FALL_THROUGH")  
2021-12-08 13:26:04 INFO  ghidra_export.java> (successors .)  
2021-12-08 13:26:04 INFO  ghidra_export.java> (address . 0x080480ca)  
2021-12-08 13:26:04 INFO  ghidra_export.java> (opcode . 0x31db)  
2021-12-08 13:26:04 INFO  ghidra_export.java> (size . 2)  
2021-12-08 13:26:04 INFO  ghidra_export.java> (mnemonic . "XOR EBX,EBX")  
2021-12-08 13:26:04 INFO  ghidra_export.java> (kind . "FALL_THROUGH")  
2021-12-08 13:26:04 INFO  ghidra_export.java> (successors .)  
2021-12-08 13:26:04 INFO  ghidra_export.java> (address . 0x080480cc)  
2021-12-08 13:26:04 INFO  ghidra_export.java> (opcode . 0x43)  
2021-12-08 13:26:04 INFO  ghidra_export.java> (size . 1)  
2021-12-08 13:26:04 INFO  ghidra_export.java> (mnemonic . "INC EBX")  
2021-12-08 13:26:04 INFO  ghidra_export.java> (kind . "FALL_THROUGH")  
2021-12-08 13:26:04 INFO  ghidra_export.java> (successors .)  
2021-12-08 13:26:04 INFO  ghidra_export.java> (address . 0x080480cd)  
2021-12-08 13:26:04 INFO  ghidra_export.java> (opcode . 0x89ca)  
2021-12-08 13:26:04 INFO  ghidra_export.java> (size . 2)  
2021-12-08 13:26:04 INFO  ghidra_export.java> (mnemonic . "MOV EDX,ECX")  
2021-12-08 13:26:04 INFO  ghidra_export.java> (kind . "FALL_THROUGH")  
2021-12-08 13:26:04 INFO  ghidra_export.java> (successors .)  
2021-12-08 13:26:04 INFO  ghidra_export.java> (address . 0x080480cf)  
2021-12-08 13:26:04 INFO  ghidra_export.java> (opcode . 0x89e9)  
2021-12-08 13:26:04 INFO  ghidra_export.java> (size . 2)  
2021-12-08 13:26:04 INFO  ghidra_export.java> (mnemonic . "MOV ECX,EBP")  
2021-12-08 13:26:04 INFO  ghidra_export.java> (kind . "FALL_THROUGH")  
2021-12-08 13:26:04 INFO  ghidra_export.java> (successors .)  
2021-12-08 13:26:04 INFO  ghidra_export.java> (address . 0x080480d1)  
2021-12-08 13:26:04 INFO  ghidra_export.java> (opcode . 0xcd80)  
2021-12-08 13:26:04 INFO  ghidra_export.java> (size . 2)  
2021-12-08 13:26:04 INFO  ghidra_export.java> (mnemonic . "INT 0x80")  
2021-12-08 13:26:04 INFO  ghidra_export.java> (kind . "COMPUTED_CALL")  
2021-12-08 13:26:04 INFO  ghidra_export.java> (successors .)  
2021-12-08 13:26:04 INFO  ghidra_export.java> (address . 0x080480d3)  
2021-12-08 13:26:04 INFO  ghidra_export.java> (opcode . 0xc3)  
2021-12-08 13:26:04 INFO  ghidra_export.java> (size . 1)  
2021-12-08 13:26:04 INFO  ghidra_export.java> (mnemonic . "RET")  
2021-12-08 13:26:04 INFO  ghidra_export.java> (kind . "TERMINATOR")  
2021-12-08 13:26:04 INFO  ghidra_export.java> (successors .)  
2021-12-08 13:26:04 INFO  ghidra_export.java> (address . 0x080480d4)  
2021-12-08 13:26:04 INFO  ghidra_export.java> (opcode . 0x31c9)  
2021-12-08 13:26:04 INFO  ghidra_export.java> (size . 2)  
2021-12-08 13:26:04 INFO  ghidra_export.java> (mnemonic . "XOR ECX,ECX")  
2021-12-08 13:26:04 INFO  ghidra_export.java> (kind . "FALL_THROUGH")  
2021-12-08 13:26:04 INFO  ghidra_export.java> (successors .)  
2021-12-08 13:26:04 INFO  ghidra_export.java> (address . 0x080480d6)  
2021-12-08 13:26:04 INFO  ghidra_export.java> (opcode . 0xf7d1)  
2021-12-08 13:26:04 INFO  ghidra_export.java> (size . 2)  
2021-12-08 13:26:04 INFO  ghidra_export.java> (mnemonic . "NOT ECX")  
2021-12-08 13:26:04 INFO  ghidra_export.java> (kind . "FALL_THROUGH")  
2021-12-08 13:26:04 INFO  ghidra_export.java> (successors .)  
2021-12-08 13:26:04 INFO  ghidra_export.java> (address . 0x080480d8)  
2021-12-08 13:26:04 INFO  ghidra_export.java> (opcode . 0xc3)  
2021-12-08 13:26:04 INFO  ghidra_export.java> (size . 1)  
2021-12-08 13:26:04 INFO  ghidra_export.java> (mnemonic . "RET")  
2021-12-08 13:26:04 INFO  ghidra_export.java> (kind . "TERMINATOR")  
2021-12-08 13:26:04 INFO  ghidra_export.java> (successors .)  
2021-12-08 13:26:04 INFO  ghidra_export.java> (address . 0x080480d9)  
2021-12-08 13:26:04 INFO  ghidra_export.java> (opcode . 0x79e3)  
2021-12-08 13:26:04 INFO  ghidra_export.java> (size . 2)  
2021-12-08 13:26:04 INFO  ghidra_export.java> (mnemonic . "JNS 0x080480be")  
2021-12-08 13:26:04 INFO  ghidra_export.java> (kind . "CONDITIONAL_JUMP")  
2021-12-08 13:26:04 INFO  ghidra_export.java> (successors . 0x080480be)  
2021-12-08 13:26:04 INFO  ghidra_export.java> (address . 0x080480db)  
2021-12-08 13:26:04 INFO  ghidra_export.java> (opcode . 0xe8f4ffffff)  
2021-12-08 13:26:04 INFO  ghidra_export.java> (size . 5)  
2021-12-08 13:26:04 INFO  ghidra_export.java> (mnemonic . "CALL 0x080480d4")  
2021-12-08 13:26:04 INFO  ghidra_export.java> (kind . "UNCONDITIONAL_CALL")  
2021-12-08 13:26:04 INFO  ghidra_export.java> (successors . 0x080480d4)  
2021-12-08 13:26:04 INFO  ghidra_export.java> (address . 0x080480e0)  
2021-12-08 13:26:04 INFO  ghidra_export.java> (opcode . 0xebdc)  
2021-12-08 13:26:04 INFO  ghidra_export.java> (size . 2)  
2021-12-08 13:26:04 INFO  ghidra_export.java> (mnemonic . "JMP 0x080480be")  
2021-12-08 13:26:04 INFO  ghidra_export.java> (kind . "UNCONDITIONAL_JUMP")  
2021-12-08 13:26:04 INFO  ghidra_export.java> (successors . 0x080480be)  
